<?xml version="1.0" encoding="UTF-8"?>
<testng-results skipped="0" failed="0" total="1" passed="1">
  <reporter-output>
  </reporter-output>
  <suite name="Suite" duration-ms="22559" started-at="2016-08-03T12:25:56Z" finished-at="2016-08-03T12:26:18Z">
    <groups>
    </groups>
    <test name="Test" duration-ms="22559" started-at="2016-08-03T12:25:56Z" finished-at="2016-08-03T12:26:18Z">
      <class name="com.naukri.testcases.TC1">
        <test-method status="PASS" signature="l()[pri:0, instance:com.naukri.testcases.TC1@3ac3fd8b]" name="l" duration-ms="20081" started-at="2016-08-03T17:55:56Z" finished-at="2016-08-03T17:56:16Z">
          <reporter-output>
          </reporter-output>
        </test-method> <!-- l -->
        <test-method status="PASS" signature="close()[pri:0, instance:com.naukri.testcases.TC1@3ac3fd8b]" name="close" is-config="true" duration-ms="2470" started-at="2016-08-03T17:56:16Z" finished-at="2016-08-03T17:56:18Z">
          <reporter-output>
          </reporter-output>
        </test-method> <!-- close -->
      </class> <!-- com.naukri.testcases.TC1 -->
    </test> <!-- Test -->
  </suite> <!-- Suite -->
</testng-results>
