<?xml version="1.0" encoding="UTF-8"?>
<testng-results skipped="0" failed="0" total="1" passed="1">
  <reporter-output>
  </reporter-output>
  <suite name="Suite" duration-ms="28235" started-at="2016-08-03T07:10:07Z" finished-at="2016-08-03T07:10:36Z">
    <groups>
    </groups>
    <test name="Test" duration-ms="28235" started-at="2016-08-03T07:10:07Z" finished-at="2016-08-03T07:10:36Z">
      <class name="com.naukri.testcases.TC1">
        <test-method status="PASS" signature="l()[pri:0, instance:com.naukri.testcases.TC1@13f2bb1]" name="l" duration-ms="25453" started-at="2016-08-03T12:40:07Z" finished-at="2016-08-03T12:40:33Z">
          <reporter-output>
          </reporter-output>
        </test-method> <!-- l -->
        <test-method status="PASS" signature="close()[pri:0, instance:com.naukri.testcases.TC1@13f2bb1]" name="close" is-config="true" duration-ms="2757" started-at="2016-08-03T12:40:33Z" finished-at="2016-08-03T12:40:36Z">
          <reporter-output>
          </reporter-output>
        </test-method> <!-- close -->
      </class> <!-- com.naukri.testcases.TC1 -->
    </test> <!-- Test -->
  </suite> <!-- Suite -->
</testng-results>
